2026-02-09 21:23:39,249 [INFO] === BrainzMRI v7.0 Session Started ===
2026-02-09 21:23:39,257 [INFO] TRACE: _build_table_ui started
2026-02-09 21:23:39,259 [INFO] TRACE: _build_table_ui completed. Widget ID: 1508786
2026-02-09 21:23:39,259 [INFO] TRACE: ActionComponent initialized
2026-02-09 21:23:39,260 [INFO] Loaded user: jasparagus
2026-02-09 21:23:53,815 [INFO] User Action: Clicked 'Import CSV'
2026-02-09 21:23:53,815 [INFO] TRACE: Header.import_csv started
2026-02-09 21:23:55,481 [INFO] Import Successful. Loaded 86 tracks.
2026-02-09 21:23:55,481 [INFO] TRACE: Main.on_data_imported: Mix - Goat-EST.csv
2026-02-09 21:23:55,481 [INFO] TRACE: Main.on_data_imported: _update_ui_state
2026-02-09 21:23:55,482 [INFO] TRACE: Main.on_data_imported: calling run_report
2026-02-09 21:23:55,482 [INFO] User Action: Clicked 'Generate Report' or Auto-run of 'Generate Report'
2026-02-09 21:23:55,482 [INFO] TRACE: Main.run_report: starting, locking interface and getting params
2026-02-09 21:23:55,483 [INFO] TRACE: Main.run_report: launching thread with params: Raw Listens
2026-02-09 21:23:55,498 [INFO] TRACE: Main.run_report: created progress window
2026-02-09 21:23:55,499 [INFO] Report Requested: Mode='Raw Listens' | Filters: Time=0-0, Recency=0-0, First=0-0, TopN=200 | Enrichment: False (None (Data Only, No Genres))
2026-02-09 21:23:55,499 [INFO] TRACE: Main.on_data_imported: run_report returned
2026-02-09 21:23:55,499 [INFO] TRACE: Header.import_csv callback sent
2026-02-09 21:23:55,501 [INFO] Report generation complete. Rows: 86
2026-02-09 21:23:55,501 [INFO] TRACE: _on_report_done started
2026-02-09 21:23:55,504 [INFO] TRACE: win destroyed
2026-02-09 21:23:55,504 [INFO] TRACE: UI reset skipped (Deferring unlock)
2026-02-09 21:23:55,505 [INFO] TRACE: State updated. Result Rows: 86
2026-02-09 21:23:55,524 [INFO] TRACE: Calling standard show_table...
2026-02-09 21:23:55,524 [INFO] TRACE: show_table called with 86 rows. Columns: ['artist', 'track_name', 'album', 'playlist_name', 'type', 'listened_at', 'duration_ms', 'recording_mbid', 'release_mbid', 'artist_mbid', 'origin', '_username', 'Likes']
2026-02-09 21:23:55,525 [INFO] TRACE: show_table: Clearing existing items...
2026-02-09 21:23:55,526 [INFO] TRACE: show_table: Updating columns...
2026-02-09 21:23:55,526 [INFO] show_table: Inserting data rows...
2026-02-09 21:23:55,526 [INFO] Inserted row 0...
2026-02-09 21:23:55,532 [INFO] show_table: Data insertion complete.
2026-02-09 21:23:55,532 [INFO] TRACE: Treeview visible again.
2026-02-09 21:23:55,532 [INFO] TRACE: show_table returned successfully
2026-02-09 21:23:55,533 [INFO] TRACE: status_var set
2026-02-09 21:23:55,533 [INFO] TRACE: Graph btn toggled
2026-02-09 21:23:55,533 [INFO] TRACE: Calling actions.update_state with mbids=False, missing=True
2026-02-09 21:23:55,533 [INFO] TRACE: ActionComponent.update_state called. mbids=False, missing=True
2026-02-09 21:23:55,534 [INFO] TRACE: _on_report_done completed successfully
2026-02-09 21:23:55,535 [INFO] TRACE: ActionComponent.update_state called. mbids=True, missing=True
2026-02-09 21:23:55,535 [INFO] TRACE: Interface Unlocked
2026-02-09 21:23:57,467 [INFO] User Action: Clicked 'Import CSV'
2026-02-09 21:23:57,467 [INFO] TRACE: Header.import_csv started
2026-02-09 21:23:58,763 [INFO] Import Successful. Loaded 86 tracks.
2026-02-09 21:23:58,763 [INFO] TRACE: Main.on_data_imported: Mix - Goat-EST.csv
2026-02-09 21:23:58,763 [INFO] TRACE: Main.on_data_imported: _update_ui_state
2026-02-09 21:23:58,764 [INFO] TRACE: Main.on_data_imported: calling run_report
2026-02-09 21:23:58,764 [INFO] User Action: Clicked 'Generate Report' or Auto-run of 'Generate Report'
2026-02-09 21:23:58,764 [INFO] TRACE: Main.run_report: starting, locking interface and getting params
2026-02-09 21:23:58,765 [INFO] TRACE: Main.run_report: launching thread with params: Raw Listens
2026-02-09 21:23:58,778 [INFO] TRACE: Main.run_report: created progress window
2026-02-09 21:23:58,779 [INFO] Report Requested: Mode='Raw Listens' | Filters: Time=0-0, Recency=0-0, First=0-0, TopN=200 | Enrichment: False (None (Data Only, No Genres))
2026-02-09 21:23:58,779 [INFO] TRACE: Main.on_data_imported: run_report returned
2026-02-09 21:23:58,779 [INFO] TRACE: Header.import_csv callback sent
2026-02-09 21:23:58,780 [INFO] Report generation complete. Rows: 86
2026-02-09 21:23:58,781 [INFO] TRACE: _on_report_done started
2026-02-09 21:23:58,784 [INFO] TRACE: win destroyed
2026-02-09 21:23:58,784 [INFO] TRACE: UI reset skipped (Deferring unlock)
2026-02-09 21:23:58,785 [INFO] TRACE: State updated. Result Rows: 86
2026-02-09 21:23:58,808 [INFO] TRACE: Calling standard show_table...
2026-02-09 21:23:58,808 [INFO] TRACE: show_table called with 86 rows. Columns: ['artist', 'track_name', 'album', 'playlist_name', 'type', 'listened_at', 'duration_ms', 'recording_mbid', 'release_mbid', 'artist_mbid', 'origin', '_username', 'Likes']
2026-02-09 21:23:58,809 [INFO] TRACE: show_table: Clearing existing items...
2026-02-09 21:23:58,809 [INFO] TRACE: show_table: Updating columns...
2026-02-09 21:23:58,810 [INFO] show_table: Inserting data rows...
2026-02-09 21:23:58,810 [INFO] Inserted row 0...
2026-02-09 21:23:58,816 [INFO] show_table: Data insertion complete.
2026-02-09 21:23:58,816 [INFO] TRACE: Treeview visible again.
2026-02-09 21:23:58,816 [INFO] TRACE: show_table returned successfully
2026-02-09 21:23:58,816 [INFO] TRACE: status_var set
2026-02-09 21:23:58,816 [INFO] TRACE: Graph btn toggled
2026-02-09 21:23:58,816 [INFO] TRACE: Calling actions.update_state with mbids=False, missing=True
2026-02-09 21:23:58,817 [INFO] TRACE: ActionComponent.update_state called. mbids=False, missing=True
2026-02-09 21:23:58,817 [INFO] TRACE: _on_report_done completed successfully
2026-02-09 21:23:58,818 [INFO] TRACE: ActionComponent.update_state called. mbids=True, missing=True
2026-02-09 21:23:58,818 [INFO] TRACE: Interface Unlocked
2026-02-09 21:24:00,867 [INFO] User Action: Clicked 'Generate Report' or Auto-run of 'Generate Report'
2026-02-09 21:24:00,867 [INFO] TRACE: Main.run_report: starting, locking interface and getting params
2026-02-09 21:24:00,869 [INFO] TRACE: Main.run_report: launching thread with params: Raw Listens
2026-02-09 21:24:00,915 [INFO] TRACE: Main.run_report: created progress window
2026-02-09 21:24:00,915 [INFO] Report Requested: Mode='Raw Listens' | Filters: Time=0-0, Recency=0-0, First=0-0, TopN=200 | Enrichment: False (None (Data Only, No Genres))
2026-02-09 21:24:00,917 [INFO] Report generation complete. Rows: 86
2026-02-09 21:24:00,918 [INFO] TRACE: _on_report_done started
2026-02-09 21:24:00,921 [INFO] TRACE: win destroyed
2026-02-09 21:24:00,921 [INFO] TRACE: UI reset skipped (Deferring unlock)
2026-02-09 21:24:00,921 [INFO] TRACE: State updated. Result Rows: 86
2026-02-09 21:24:00,945 [INFO] TRACE: Calling standard show_table...
2026-02-09 21:24:00,945 [INFO] TRACE: show_table called with 86 rows. Columns: ['artist', 'track_name', 'album', 'playlist_name', 'type', 'listened_at', 'duration_ms', 'recording_mbid', 'release_mbid', 'artist_mbid', 'origin', '_username', 'Likes']
2026-02-09 21:24:00,946 [INFO] TRACE: show_table: Clearing existing items...
2026-02-09 21:24:00,947 [INFO] TRACE: show_table: Updating columns...
2026-02-09 21:24:00,947 [INFO] show_table: Inserting data rows...
2026-02-09 21:24:00,948 [INFO] Inserted row 0...
2026-02-09 21:24:00,953 [INFO] show_table: Data insertion complete.
2026-02-09 21:24:00,953 [INFO] TRACE: Treeview visible again.
2026-02-09 21:24:00,953 [INFO] TRACE: show_table returned successfully
2026-02-09 21:24:00,954 [INFO] TRACE: status_var set
2026-02-09 21:24:00,954 [INFO] TRACE: Graph btn toggled
2026-02-09 21:24:00,954 [INFO] TRACE: Calling actions.update_state with mbids=False, missing=True
2026-02-09 21:24:00,954 [INFO] TRACE: ActionComponent.update_state called. mbids=False, missing=True
2026-02-09 21:24:00,955 [INFO] TRACE: _on_report_done completed successfully
2026-02-09 21:24:00,956 [INFO] TRACE: ActionComponent.update_state called. mbids=True, missing=True
2026-02-09 21:24:00,956 [INFO] TRACE: Interface Unlocked
2026-02-09 21:24:02,417 [INFO] User Action: Clicked 'Generate Report' or Auto-run of 'Generate Report'
2026-02-09 21:24:02,417 [INFO] TRACE: Main.run_report: starting, locking interface and getting params
2026-02-09 21:24:02,419 [INFO] TRACE: Main.run_report: launching thread with params: Raw Listens
2026-02-09 21:24:02,463 [INFO] TRACE: Main.run_report: created progress window
2026-02-09 21:24:02,464 [INFO] Report Requested: Mode='Raw Listens' | Filters: Time=0-0, Recency=0-0, First=0-0, TopN=200 | Enrichment: False (None (Data Only, No Genres))
2026-02-09 21:24:02,466 [INFO] Report generation complete. Rows: 86
2026-02-09 21:24:02,466 [INFO] TRACE: _on_report_done started
2026-02-09 21:24:02,470 [INFO] TRACE: win destroyed
2026-02-09 21:24:02,470 [INFO] TRACE: UI reset skipped (Deferring unlock)
2026-02-09 21:24:02,471 [INFO] TRACE: State updated. Result Rows: 86
2026-02-09 21:24:02,494 [INFO] TRACE: Calling standard show_table...
2026-02-09 21:24:02,494 [INFO] TRACE: show_table called with 86 rows. Columns: ['artist', 'track_name', 'album', 'playlist_name', 'type', 'listened_at', 'duration_ms', 'recording_mbid', 'release_mbid', 'artist_mbid', 'origin', '_username', 'Likes']
2026-02-09 21:24:02,495 [INFO] TRACE: show_table: Clearing existing items...
2026-02-09 21:24:02,496 [INFO] TRACE: show_table: Updating columns...
2026-02-09 21:24:02,496 [INFO] show_table: Inserting data rows...
2026-02-09 21:24:02,497 [INFO] Inserted row 0...
2026-02-09 21:24:02,502 [INFO] show_table: Data insertion complete.
2026-02-09 21:24:02,502 [INFO] TRACE: Treeview visible again.
2026-02-09 21:24:02,502 [INFO] TRACE: show_table returned successfully
2026-02-09 21:24:02,503 [INFO] TRACE: status_var set
2026-02-09 21:24:02,503 [INFO] TRACE: Graph btn toggled
2026-02-09 21:24:02,503 [INFO] TRACE: Calling actions.update_state with mbids=False, missing=True
2026-02-09 21:24:02,503 [INFO] TRACE: ActionComponent.update_state called. mbids=False, missing=True
2026-02-09 21:24:02,504 [INFO] TRACE: _on_report_done completed successfully
2026-02-09 21:24:02,505 [INFO] TRACE: ActionComponent.update_state called. mbids=True, missing=True
2026-02-09 21:24:02,505 [INFO] TRACE: Interface Unlocked
2026-02-09 21:24:03,062 [INFO] User Action: Clicked 'Generate Report' or Auto-run of 'Generate Report'
2026-02-09 21:24:03,062 [INFO] TRACE: Main.run_report: starting, locking interface and getting params
2026-02-09 21:24:03,064 [INFO] TRACE: Main.run_report: launching thread with params: Raw Listens
2026-02-09 21:24:03,110 [INFO] TRACE: Main.run_report: created progress window
2026-02-09 21:24:03,110 [INFO] Report Requested: Mode='Raw Listens' | Filters: Time=0-0, Recency=0-0, First=0-0, TopN=200 | Enrichment: False (None (Data Only, No Genres))
2026-02-09 21:24:03,113 [INFO] Report generation complete. Rows: 86
2026-02-09 21:24:03,113 [INFO] TRACE: _on_report_done started
2026-02-09 21:24:03,116 [INFO] TRACE: win destroyed
2026-02-09 21:24:03,116 [INFO] TRACE: UI reset skipped (Deferring unlock)
2026-02-09 21:24:03,116 [INFO] TRACE: State updated. Result Rows: 86
2026-02-09 21:24:03,139 [INFO] TRACE: Calling standard show_table...
2026-02-09 21:24:03,139 [INFO] TRACE: show_table called with 86 rows. Columns: ['artist', 'track_name', 'album', 'playlist_name', 'type', 'listened_at', 'duration_ms', 'recording_mbid', 'release_mbid', 'artist_mbid', 'origin', '_username', 'Likes']
2026-02-09 21:24:03,141 [INFO] TRACE: show_table: Clearing existing items...
2026-02-09 21:24:03,141 [INFO] TRACE: show_table: Updating columns...
2026-02-09 21:24:03,141 [INFO] show_table: Inserting data rows...
2026-02-09 21:24:03,142 [INFO] Inserted row 0...
2026-02-09 21:24:03,147 [INFO] show_table: Data insertion complete.
2026-02-09 21:24:03,148 [INFO] TRACE: Treeview visible again.
2026-02-09 21:24:03,148 [INFO] TRACE: show_table returned successfully
2026-02-09 21:24:03,148 [INFO] TRACE: status_var set
2026-02-09 21:24:03,148 [INFO] TRACE: Graph btn toggled
2026-02-09 21:24:03,149 [INFO] TRACE: Calling actions.update_state with mbids=False, missing=True
2026-02-09 21:24:03,149 [INFO] TRACE: ActionComponent.update_state called. mbids=False, missing=True
2026-02-09 21:24:03,149 [INFO] TRACE: _on_report_done completed successfully
2026-02-09 21:24:03,150 [INFO] TRACE: ActionComponent.update_state called. mbids=True, missing=True
2026-02-09 21:24:03,150 [INFO] TRACE: Interface Unlocked
2026-02-09 21:24:03,516 [INFO] User Action: Clicked 'Generate Report' or Auto-run of 'Generate Report'
2026-02-09 21:24:03,516 [INFO] TRACE: Main.run_report: starting, locking interface and getting params
2026-02-09 21:24:03,518 [INFO] TRACE: Main.run_report: launching thread with params: Raw Listens
2026-02-09 21:24:03,564 [INFO] TRACE: Main.run_report: created progress window
2026-02-09 21:24:03,564 [INFO] Report Requested: Mode='Raw Listens' | Filters: Time=0-0, Recency=0-0, First=0-0, TopN=200 | Enrichment: False (None (Data Only, No Genres))
2026-02-09 21:24:03,566 [INFO] Report generation complete. Rows: 86
2026-02-09 21:24:03,566 [INFO] TRACE: _on_report_done started
2026-02-09 21:24:03,571 [INFO] TRACE: win destroyed
2026-02-09 21:24:03,571 [INFO] TRACE: UI reset skipped (Deferring unlock)
2026-02-09 21:24:03,571 [INFO] TRACE: State updated. Result Rows: 86
2026-02-09 21:24:03,595 [INFO] TRACE: Calling standard show_table...
2026-02-09 21:24:03,595 [INFO] TRACE: show_table called with 86 rows. Columns: ['artist', 'track_name', 'album', 'playlist_name', 'type', 'listened_at', 'duration_ms', 'recording_mbid', 'release_mbid', 'artist_mbid', 'origin', '_username', 'Likes']
2026-02-09 21:24:03,597 [INFO] TRACE: show_table: Clearing existing items...
2026-02-09 21:24:03,597 [INFO] TRACE: show_table: Updating columns...
2026-02-09 21:24:03,597 [INFO] show_table: Inserting data rows...
2026-02-09 21:24:03,598 [INFO] Inserted row 0...
2026-02-09 21:24:03,603 [INFO] show_table: Data insertion complete.
2026-02-09 21:24:03,604 [INFO] TRACE: Treeview visible again.
2026-02-09 21:24:03,604 [INFO] TRACE: show_table returned successfully
2026-02-09 21:24:03,604 [INFO] TRACE: status_var set
2026-02-09 21:24:03,604 [INFO] TRACE: Graph btn toggled
2026-02-09 21:24:03,605 [INFO] TRACE: Calling actions.update_state with mbids=False, missing=True
2026-02-09 21:24:03,605 [INFO] TRACE: ActionComponent.update_state called. mbids=False, missing=True
2026-02-09 21:24:03,605 [INFO] TRACE: _on_report_done completed successfully
2026-02-09 21:24:03,606 [INFO] TRACE: ActionComponent.update_state called. mbids=True, missing=True
2026-02-09 21:24:03,606 [INFO] TRACE: Interface Unlocked
2026-02-09 21:24:03,906 [INFO] User Action: Clicked 'Generate Report' or Auto-run of 'Generate Report'
2026-02-09 21:24:03,906 [INFO] TRACE: Main.run_report: starting, locking interface and getting params
2026-02-09 21:24:03,908 [INFO] TRACE: Main.run_report: launching thread with params: Raw Listens
2026-02-09 21:24:03,955 [INFO] TRACE: Main.run_report: created progress window
2026-02-09 21:24:03,956 [INFO] Report Requested: Mode='Raw Listens' | Filters: Time=0-0, Recency=0-0, First=0-0, TopN=200 | Enrichment: False (None (Data Only, No Genres))
2026-02-09 21:24:03,957 [INFO] Report generation complete. Rows: 86
2026-02-09 21:24:03,958 [INFO] TRACE: _on_report_done started
2026-02-09 21:24:03,961 [INFO] TRACE: win destroyed
2026-02-09 21:24:03,961 [INFO] TRACE: UI reset skipped (Deferring unlock)
2026-02-09 21:24:03,962 [INFO] TRACE: State updated. Result Rows: 86
2026-02-09 21:24:03,984 [INFO] TRACE: Calling standard show_table...
2026-02-09 21:24:03,985 [INFO] TRACE: show_table called with 86 rows. Columns: ['artist', 'track_name', 'album', 'playlist_name', 'type', 'listened_at', 'duration_ms', 'recording_mbid', 'release_mbid', 'artist_mbid', 'origin', '_username', 'Likes']
2026-02-09 21:24:03,986 [INFO] TRACE: show_table: Clearing existing items...
2026-02-09 21:24:03,987 [INFO] TRACE: show_table: Updating columns...
2026-02-09 21:24:03,987 [INFO] show_table: Inserting data rows...
2026-02-09 21:24:03,988 [INFO] Inserted row 0...
2026-02-09 21:24:03,994 [INFO] show_table: Data insertion complete.
2026-02-09 21:24:03,994 [INFO] TRACE: Treeview visible again.
2026-02-09 21:24:03,994 [INFO] TRACE: show_table returned successfully
2026-02-09 21:24:03,995 [INFO] TRACE: status_var set
2026-02-09 21:24:03,995 [INFO] TRACE: Graph btn toggled
2026-02-09 21:24:03,995 [INFO] TRACE: Calling actions.update_state with mbids=False, missing=True
2026-02-09 21:24:03,996 [INFO] TRACE: ActionComponent.update_state called. mbids=False, missing=True
2026-02-09 21:24:03,996 [INFO] TRACE: _on_report_done completed successfully
2026-02-09 21:24:03,997 [INFO] TRACE: ActionComponent.update_state called. mbids=True, missing=True
2026-02-09 21:24:03,997 [INFO] TRACE: Interface Unlocked
2026-02-09 21:24:04,094 [INFO] User Action: Clicked 'Generate Report' or Auto-run of 'Generate Report'
2026-02-09 21:24:04,094 [INFO] TRACE: Main.run_report: starting, locking interface and getting params
2026-02-09 21:24:04,096 [INFO] TRACE: Main.run_report: launching thread with params: Raw Listens
2026-02-09 21:24:04,141 [INFO] TRACE: Main.run_report: created progress window
2026-02-09 21:24:04,141 [INFO] Report Requested: Mode='Raw Listens' | Filters: Time=0-0, Recency=0-0, First=0-0, TopN=200 | Enrichment: False (None (Data Only, No Genres))
2026-02-09 21:24:04,143 [INFO] Report generation complete. Rows: 86
2026-02-09 21:24:04,143 [INFO] TRACE: _on_report_done started
2026-02-09 21:24:04,146 [INFO] TRACE: win destroyed
2026-02-09 21:24:04,147 [INFO] TRACE: UI reset skipped (Deferring unlock)
2026-02-09 21:24:04,147 [INFO] TRACE: State updated. Result Rows: 86
2026-02-09 21:24:04,170 [INFO] TRACE: Calling standard show_table...
2026-02-09 21:24:04,170 [INFO] TRACE: show_table called with 86 rows. Columns: ['artist', 'track_name', 'album', 'playlist_name', 'type', 'listened_at', 'duration_ms', 'recording_mbid', 'release_mbid', 'artist_mbid', 'origin', '_username', 'Likes']

Manually added by user: this is the log text that occurred in them main console after clicking "Generate Report" button rapidly with the CSV option selected:
alloc: invalid block: 000002B4AE2AFF30: 50 ae
Press any key to continue . . .
